<?xml version="1.0" encoding="UTF-8"?>
<!-- Generated by org.testng.reporters.JUnitReportReporter -->
<testsuite hostname="DESKTOP-M9B6F7P" failures="0" tests="1" name="com.ibanking.TestCases.Tc_ibanking_003" time="11.700" errors="0" timestamp="24 Mar 2021 04:27:19 GMT" skipped="0">
  <testcase classname="com.ibanking.TestCases.Tc_ibanking_003" name="addCustomer" time="11.700"/>
</testsuite> <!-- com.ibanking.TestCases.Tc_ibanking_003 -->
