<?xml version="1.0" encoding="UTF-8"?>
<!-- Generated by org.testng.reporters.JUnitReportReporter -->
<testsuite skipped="0" hostname="DESKTOP-M9B6F7P" name="com.ibanking.TestCases.Tc_ibanking_003" tests="1" failures="0" timestamp="24 Mar 2021 16:55:37 GMT" time="17.184" errors="0">
  <testcase name="addCustomer" time="17.184" classname="com.ibanking.TestCases.Tc_ibanking_003"/>
</testsuite> <!-- com.ibanking.TestCases.Tc_ibanking_003 -->
